  main.cpp
  ofApp.cpp
C:\Users\CGLAB\Documents\of_v0.9.3_vs_release\libs\openFrameworks\utils\ofLog.h : warning C4819: The file contains a character that cannot be represented in the current code page (950). Save the file in Unicode format to prevent data loss (compiling source file src\ofApp.cpp)
C:\Users\CGLAB\Documents\of_v0.9.3_vs_release\libs\openFrameworks\types\ofTypes.h : warning C4819: The file contains a character that cannot be represented in the current code page (950). Save the file in Unicode format to prevent data loss (compiling source file src\ofApp.cpp)
c:\users\cglab\documents\of_v0.9.3_vs_release\libs\openframeworks\types\ofColor.h : warning C4819: The file contains a character that cannot be represented in the current code page (950). Save the file in Unicode format to prevent data loss (compiling source file src\ofApp.cpp)
c:\users\cglab\documents\of_v0.9.3_vs_release\libs\openframeworks\math\ofVec3f.h : warning C4819: The file contains a character that cannot be represented in the current code page (950). Save the file in Unicode format to prevent data loss (compiling source file src\ofApp.cpp)
c:\users\cglab\documents\of_v0.9.3_vs_release\libs\openframeworks\math\ofVec2f.h : warning C4819: The file contains a character that cannot be represented in the current code page (950). Save the file in Unicode format to prevent data loss (compiling source file src\ofApp.cpp)
C:\Users\CGLAB\Documents\of_v0.9.3_vs_release\libs\openFrameworks\utils\ofLog.h : warning C4819: The file contains a character that cannot be represented in the current code page (950). Save the file in Unicode format to prevent data loss (compiling source file src\main.cpp)
C:\Users\CGLAB\Documents\of_v0.9.3_vs_release\libs\openFrameworks\types\ofTypes.h : warning C4819: The file contains a character that cannot be represented in the current code page (950). Save the file in Unicode format to prevent data loss (compiling source file src\main.cpp)
c:\users\cglab\documents\of_v0.9.3_vs_release\libs\openframeworks\types\ofColor.h : warning C4819: The file contains a character that cannot be represented in the current code page (950). Save the file in Unicode format to prevent data loss (compiling source file src\main.cpp)
c:\users\cglab\documents\of_v0.9.3_vs_release\libs\openframeworks\math\ofVec3f.h : warning C4819: The file contains a character that cannot be represented in the current code page (950). Save the file in Unicode format to prevent data loss (compiling source file src\main.cpp)
c:\users\cglab\documents\of_v0.9.3_vs_release\libs\openframeworks\math\ofVec2f.h : warning C4819: The file contains a character that cannot be represented in the current code page (950). Save the file in Unicode format to prevent data loss (compiling source file src\main.cpp)
c:\users\cglab\documents\of_v0.9.3_vs_release\libs\openframeworks\types\ofColor.h(778): warning C4819: The file contains a character that cannot be represented in the current code page (950). Save the file in Unicode format to prevent data loss (compiling source file src\ofApp.cpp)
c:\users\cglab\documents\of_v0.9.3_vs_release\libs\openframeworks\types\ofColor.h(778): warning C4819: The file contains a character that cannot be represented in the current code page (950). Save the file in Unicode format to prevent data loss (compiling source file src\main.cpp)
C:\Users\CGLAB\Documents\of_v0.9.3_vs_release\libs\openFrameworks\math\ofMatrix4x4.h(320): warning C4267: 'argument': conversion from 'size_t' to 'int', possible loss of data (compiling source file src\ofApp.cpp)
C:\Users\CGLAB\Documents\of_v0.9.3_vs_release\libs\openFrameworks\math\ofMatrix4x4.h(325): warning C4267: 'argument': conversion from 'size_t' to 'int', possible loss of data (compiling source file src\ofApp.cpp)
C:\Users\CGLAB\Documents\of_v0.9.3_vs_release\libs\openFrameworks\math\ofMatrix4x4.h(320): warning C4267: 'argument': conversion from 'size_t' to 'int', possible loss of data (compiling source file src\main.cpp)
C:\Users\CGLAB\Documents\of_v0.9.3_vs_release\libs\openFrameworks\math\ofMatrix4x4.h(325): warning C4267: 'argument': conversion from 'size_t' to 'int', possible loss of data (compiling source file src\main.cpp)
C:\Users\CGLAB\Documents\of_v0.9.3_vs_release\libs\openFrameworks\math\ofMatrix4x4.h(969): warning C4267: 'argument': conversion from 'size_t' to 'int', possible loss of data (compiling source file src\ofApp.cpp)
C:\Users\CGLAB\Documents\of_v0.9.3_vs_release\libs\openFrameworks\math\ofMatrix4x4.h(970): warning C4267: 'argument': conversion from 'size_t' to 'int', possible loss of data (compiling source file src\ofApp.cpp)
C:\Users\CGLAB\Documents\of_v0.9.3_vs_release\libs\openFrameworks\math\ofMatrix4x4.h(971): warning C4267: 'argument': conversion from 'size_t' to 'int', possible loss of data (compiling source file src\ofApp.cpp)
C:\Users\CGLAB\Documents\of_v0.9.3_vs_release\libs\openFrameworks\math\ofMatrix4x4.h(972): warning C4267: 'argument': conversion from 'size_t' to 'int', possible loss of data (compiling source file src\ofApp.cpp)
C:\Users\CGLAB\Documents\of_v0.9.3_vs_release\libs\openFrameworks\3d\ofMesh.h : warning C4819: The file contains a character that cannot be represented in the current code page (950). Save the file in Unicode format to prevent data loss (compiling source file src\ofApp.cpp)
C:\Users\CGLAB\Documents\of_v0.9.3_vs_release\libs\openFrameworks\math\ofMatrix4x4.h(969): warning C4267: 'argument': conversion from 'size_t' to 'int', possible loss of data (compiling source file src\main.cpp)
C:\Users\CGLAB\Documents\of_v0.9.3_vs_release\libs\openFrameworks\math\ofMatrix4x4.h(970): warning C4267: 'argument': conversion from 'size_t' to 'int', possible loss of data (compiling source file src\main.cpp)
C:\Users\CGLAB\Documents\of_v0.9.3_vs_release\libs\openFrameworks\math\ofMatrix4x4.h(971): warning C4267: 'argument': conversion from 'size_t' to 'int', possible loss of data (compiling source file src\main.cpp)
C:\Users\CGLAB\Documents\of_v0.9.3_vs_release\libs\openFrameworks\math\ofMatrix4x4.h(972): warning C4267: 'argument': conversion from 'size_t' to 'int', possible loss of data (compiling source file src\main.cpp)
C:\Users\CGLAB\Documents\of_v0.9.3_vs_release\libs\openFrameworks\3d\ofMesh.h : warning C4819: The file contains a character that cannot be represented in the current code page (950). Save the file in Unicode format to prevent data loss (compiling source file src\main.cpp)
C:\Users\CGLAB\Documents\of_v0.9.3_vs_release\libs\openFrameworks\graphics\ofPolyline.h : warning C4819: The file contains a character that cannot be represented in the current code page (950). Save the file in Unicode format to prevent data loss (compiling source file src\main.cpp)
C:\Users\CGLAB\Documents\of_v0.9.3_vs_release\libs\openFrameworks\graphics\ofPolyline.h : warning C4819: The file contains a character that cannot be represented in the current code page (950). Save the file in Unicode format to prevent data loss (compiling source file src\ofApp.cpp)
C:\Users\CGLAB\Documents\of_v0.9.3_vs_release\libs\openFrameworks\graphics\ofPath.h : warning C4819: The file contains a character that cannot be represented in the current code page (950). Save the file in Unicode format to prevent data loss (compiling source file src\main.cpp)
C:\Users\CGLAB\Documents\of_v0.9.3_vs_release\libs\openFrameworks\graphics\ofPath.h : warning C4819: The file contains a character that cannot be represented in the current code page (950). Save the file in Unicode format to prevent data loss (compiling source file src\ofApp.cpp)
C:\Users\CGLAB\Documents\of_v0.9.3_vs_release\libs\openFrameworks\3d\ofCamera.h : warning C4819: The file contains a character that cannot be represented in the current code page (950). Save the file in Unicode format to prevent data loss (compiling source file src\ofApp.cpp)
C:\Users\CGLAB\Documents\of_v0.9.3_vs_release\libs\openFrameworks\3d\ofEasyCam.h : warning C4819: The file contains a character that cannot be represented in the current code page (950). Save the file in Unicode format to prevent data loss (compiling source file src\ofApp.cpp)
C:\Users\CGLAB\Documents\of_v0.9.3_vs_release\libs\openFrameworks\3d\ofCamera.h : warning C4819: The file contains a character that cannot be represented in the current code page (950). Save the file in Unicode format to prevent data loss (compiling source file src\main.cpp)
C:\Users\CGLAB\Documents\of_v0.9.3_vs_release\libs\openFrameworks\3d\ofEasyCam.h : warning C4819: The file contains a character that cannot be represented in the current code page (950). Save the file in Unicode format to prevent data loss (compiling source file src\main.cpp)
D:\opencv\build\include\opencv2/core/mat.hpp(1965): warning C4819: The file contains a character that cannot be represented in the current code page (950). Save the file in Unicode format to prevent data loss (compiling source file src\ofApp.cpp)
D:\opencv\build\include\opencv2/core/mat.hpp(1965): warning C4819: The file contains a character that cannot be represented in the current code page (950). Save the file in Unicode format to prevent data loss (compiling source file src\main.cpp)
D:\opencv\build\include\opencv2/core/persistence.hpp : warning C4819: The file contains a character that cannot be represented in the current code page (950). Save the file in Unicode format to prevent data loss (compiling source file src\main.cpp)
D:\opencv\build\include\opencv2/core/persistence.hpp : warning C4819: The file contains a character that cannot be represented in the current code page (950). Save the file in Unicode format to prevent data loss (compiling source file src\ofApp.cpp)
D:\opencv\build\include\opencv2/core/utility.hpp : warning C4819: The file contains a character that cannot be represented in the current code page (950). Save the file in Unicode format to prevent data loss (compiling source file src\main.cpp)
D:\opencv\build\include\opencv2/core/utility.hpp : warning C4819: The file contains a character that cannot be represented in the current code page (950). Save the file in Unicode format to prevent data loss (compiling source file src\ofApp.cpp)
D:\opencv\build\include\opencv2/core/utility.hpp : warning C4819: The file contains a character that cannot be represented in the current code page (950). Save the file in Unicode format to prevent data loss (compiling source file src\main.cpp)
D:\opencv\build\include\opencv2/core/utility.hpp : warning C4819: The file contains a character that cannot be represented in the current code page (950). Save the file in Unicode format to prevent data loss (compiling source file src\ofApp.cpp)
C:\Users\CGLAB\Documents\of_v0.9.3_vs_release\addons\ofxCv\libs\ofxCv\include\ofxCv/Tracker.h(166): warning C4267: 'initializing': conversion from 'size_t' to 'int', possible loss of data (compiling source file src\ofApp.cpp)
  C:\Users\CGLAB\Documents\of_v0.9.3_vs_release\addons\ofxCv\libs\ofxCv\include\ofxCv/Tracker.h(164): note: while compiling class template member function 'const std::vector<ofIndexType,std::allocator<_Ty>> &ofxCv::Tracker<cv::Rect>::track(const std::vector<cv::Rect,std::allocator<cv::Rect_<int>>> &)'
          with
          [
              _Ty=ofIndexType
          ] (compiling source file src\ofApp.cpp)
  C:\Users\CGLAB\Documents\of_v0.9.3_vs_release\addons\ofxCv\libs\ofxCv\include\ofxCv/Tracker.h(322): note: see reference to function template instantiation 'const std::vector<ofIndexType,std::allocator<_Ty>> &ofxCv::Tracker<cv::Rect>::track(const std::vector<cv::Rect,std::allocator<cv::Rect_<int>>> &)' being compiled
          with
          [
              _Ty=ofIndexType
          ] (compiling source file src\ofApp.cpp)
  C:\Users\CGLAB\Documents\of_v0.9.3_vs_release\addons\ofxCv\libs\ofxCv\include\ofxCv/Tracker.h(307): note: see reference to class template instantiation 'ofxCv::Tracker<cv::Rect>' being compiled (compiling source file src\ofApp.cpp)
C:\Users\CGLAB\Documents\of_v0.9.3_vs_release\addons\ofxCv\libs\ofxCv\include\ofxCv/Tracker.h(167): warning C4267: 'initializing': conversion from 'size_t' to 'int', possible loss of data (compiling source file src\ofApp.cpp)
C:\Users\CGLAB\Documents\of_v0.9.3_vs_release\addons\ofxCv\libs\ofxCv\include\ofxCv/Tracker.h(166): warning C4267: 'initializing': conversion from 'size_t' to 'int', possible loss of data (compiling source file src\main.cpp)
  C:\Users\CGLAB\Documents\of_v0.9.3_vs_release\addons\ofxCv\libs\ofxCv\include\ofxCv/Tracker.h(164): note: while compiling class template member function 'const std::vector<ofIndexType,std::allocator<_Ty>> &ofxCv::Tracker<cv::Rect>::track(const std::vector<cv::Rect,std::allocator<cv::Rect_<int>>> &)'
          with
          [
              _Ty=ofIndexType
          ] (compiling source file src\main.cpp)
  C:\Users\CGLAB\Documents\of_v0.9.3_vs_release\addons\ofxCv\libs\ofxCv\include\ofxCv/Tracker.h(322): note: see reference to function template instantiation 'const std::vector<ofIndexType,std::allocator<_Ty>> &ofxCv::Tracker<cv::Rect>::track(const std::vector<cv::Rect,std::allocator<cv::Rect_<int>>> &)' being compiled
          with
          [
              _Ty=ofIndexType
          ] (compiling source file src\main.cpp)
  C:\Users\CGLAB\Documents\of_v0.9.3_vs_release\addons\ofxCv\libs\ofxCv\include\ofxCv/Tracker.h(307): note: see reference to class template instantiation 'ofxCv::Tracker<cv::Rect>' being compiled (compiling source file src\main.cpp)
C:\Users\CGLAB\Documents\of_v0.9.3_vs_release\addons\ofxCv\libs\ofxCv\include\ofxCv/Tracker.h(167): warning C4267: 'initializing': conversion from 'size_t' to 'int', possible loss of data (compiling source file src\main.cpp)
C:\Users\CGLAB\Documents\of_v0.9.3_vs_release\addons\ofxCv\libs\ofxCv\include\ofxCv/Tracker.h(200): warning C4267: 'initializing': conversion from 'size_t' to 'int', possible loss of data (compiling source file src\ofApp.cpp)
C:\Users\CGLAB\Documents\of_v0.9.3_vs_release\addons\ofxCv\libs\ofxCv\include\ofxCv/Tracker.h(212): warning C4267: 'initializing': conversion from 'size_t' to 'int', possible loss of data (compiling source file src\ofApp.cpp)
C:\Users\CGLAB\Documents\of_v0.9.3_vs_release\addons\ofxCv\libs\ofxCv\include\ofxCv/Tracker.h(200): warning C4267: 'initializing': conversion from 'size_t' to 'int', possible loss of data (compiling source file src\main.cpp)
C:\Users\CGLAB\Documents\of_v0.9.3_vs_release\addons\ofxCv\libs\ofxCv\include\ofxCv/Tracker.h(212): warning C4267: 'initializing': conversion from 'size_t' to 'int', possible loss of data (compiling source file src\main.cpp)
  ArrowShoot.vcxproj -> C:\Users\CGLAB\Documents\of_v0.9.3_vs_release\apps\myApps\ArrowShoot\bin\ArrowShoot_debug.exe
  ArrowShoot.vcxproj -> bin\ArrowShoot_debug.pdb (Full PDB)
  
  	                   9	C:\Users\CGLAB\Documents\of_v0.9.3_vs_release\export\vs\x64\
